{"name": "Test modify product", "status": "failed", "statusDetails": {"message": "AssertionError", "trace": "login_page = <pages.login_page.LoginPage object at 0x05ECD730>\n\n    \n    \n    @allure.feature('feature_2')\n    @allure.story('epic_2')\n    @allure.title(\"Test modify product\")\n    def test_modify_product(login_page):\n        ProductQueries().add_product(\"iphone\", \"11pro\")\n        login_page.login('user', 'bitnami1')\n        admin_page = AdminPage(driver=login_page.driver)\n        admin_page.go_to_products()\n        products_page = ProductsPage(driver=login_page.driver)\n        # products_page.click_add_product_button()\n        # products_page.set_new_product_required_fields(\"iphone\", \"phones\", \"11pro\")\n        # products_page.click_submit_button()\n        # assert products_page.success_alert_element\n        products_page.click_edit_button('iphone')\n        products_page.set_new_product_required_fields(\"samsung\", \"phones\", \"s20\")\n        products_page.click_submit_button()\n>       assert products_page.success_alert_element\n\ntest_products.py:79: \n_ _ _ _ _ _ _ _ _ _ _ _ _ _ _ _ _ _ _ _ _ _ _ _ _ _ _ _ _ _ _ _ _ _ _ _ _ _ _ _ _ _ _ _ _ _ _ _ _ _ _ _ _ _ _ _ _ _ _ _ _ _ _ _ _ _ _ _ _ _ _ _ _ _ _ _ _ _ _ _ _ _ _ _ _ _ _ _ _ _ _ _ _ _ _ _ _ _ _ _ _ _ _ _ _ _ _ _ _ _ _ _ _ _ _ _ _ \n\nself = <product_queries.ProductQueries object at 0x05F1E4F0>, name = (108, 1, 'iphone', '', '', 'phones', ...), model = '11pro'\n\n    def check_product_deleted(self, name, model):\n        with allure.step(f\"Проверили в БД что продукт {name}, {model} удален\"):\n            self.cursor.execute(\n                \"SELECT * FROM oc_product_description WHERE name=?\", (name,))\n            for name in self.cursor:\n>               assert name is None\nE               AssertionError\n\n..\\product_queries.py:37: AssertionError"}, "steps": [{"name": "Добавили продукт iphone, 11pro в БД", "status": "passed", "start": 1593715968066, "stop": 1593715968076}, {"name": "click_edit_button", "status": "passed", "steps": [{"name": "Нажимаю на кнопку редактировать", "status": "passed", "start": 1593715972542, "stop": 1593715974707}], "parameters": [{"name": "product", "value": "'iphone'"}], "start": 1593715972542, "stop": 1593715974707}, {"name": "Заполняю обязательные поля при добавлении нового продукта", "status": "passed", "steps": [{"name": "open_data_tab", "status": "passed", "start": 1593715975268, "stop": 1593715980354}], "start": 1593715974707, "stop": 1593715980519}, {"name": "Получили продукт samsung из БД", "status": "passed", "start": 1593715986390, "stop": 1593715986411}, {"name": "Проверили в БД что продукт iphone, 11pro удален", "status": "failed", "statusDetails": {"message": "AssertionError\n", "trace": "  File \"C:\\projects\\opencart\\otus_opencart_project\\product_queries.py\", line 37, in check_product_deleted\n    assert name is None\n"}, "start": 1593715986418, "stop": 1593715986420}], "attachments": [{"name": "log", "source": "a8f11db6-ed82-4c83-b0e3-ab380145fd54-attachment.txt", "type": "text/plain"}, {"name": "stdout", "source": "0a7155d6-9459-4012-84d1-0a9f2e75bc6b-attachment.txt", "type": "text/plain"}], "start": 1593715968057, "stop": 1593715986433, "uuid": "d611453c-b118-4d4b-bf2b-1c37b8ffb14e", "historyId": "29ff6365353a08d251d84be6c33bc502", "testCaseId": "38a59944b0150566ca8d5bbeba9fe19b", "fullName": "test_products#test_modify_product", "labels": [{"name": "feature", "value": "feature_2"}, {"name": "story", "value": "epic_2"}, {"name": "suite", "value": "test_products"}, {"name": "host", "value": "62-000171"}, {"name": "thread", "value": "13460-MainThread"}, {"name": "framework", "value": "pytest"}, {"name": "language", "value": "cpython3"}, {"name": "package", "value": "test_products"}]}